<?xml version="1.0" encoding="UTF-8"?>
<testsuite xmlns:xsi="http://www.w3.org/2001/XMLSchema-instance" xsi:noNamespaceSchemaLocation="https://maven.apache.org/surefire/maven-surefire-plugin/xsd/surefire-test-report-3.0.xsd" version="3.0" name="com.globalhome.web.RunCucumberTest" time="90.323" tests="1" errors="0" skipped="0" failures="0">
  <properties>
    <property name="java.specification.version" value="16"/>
    <property name="sun.jnu.encoding" value="UTF-8"/>
    <property name="java.class.path" value="/Users/prathabanpalani/Documents/GlobalTechChallenge/globalTechChall/target/test-classes:/Users/prathabanpalani/Documents/GlobalTechChallenge/globalTechChall/target/classes:/Users/prathabanpalani/.m2/repository/io/cucumber/cucumber-java/7.0.0/cucumber-java-7.0.0.jar:/Users/prathabanpalani/.m2/repository/io/cucumber/cucumber-core/7.0.0/cucumber-core-7.0.0.jar:/Users/prathabanpalani/.m2/repository/io/cucumber/cucumber-gherkin/7.0.0/cucumber-gherkin-7.0.0.jar:/Users/prathabanpalani/.m2/repository/io/cucumber/cucumber-gherkin-messages/7.0.0/cucumber-gherkin-messages-7.0.0.jar:/Users/prathabanpalani/.m2/repository/io/cucumber/messages/17.1.1/messages-17.1.1.jar:/Users/prathabanpalani/.m2/repository/io/cucumber/tag-expressions/4.0.2/tag-expressions-4.0.2.jar:/Users/prathabanpalani/.m2/repository/io/cucumber/cucumber-expressions/13.0.1/cucumber-expressions-13.0.1.jar:/Users/prathabanpalani/.m2/repository/io/cucumber/datatable/7.0.0/datatable-7.0.0.jar:/Users/prathabanpalani/.m2/repository/io/cucumber/cucumber-plugin/7.0.0/cucumber-plugin-7.0.0.jar:/Users/prathabanpalani/.m2/repository/io/cucumber/docstring/7.0.0/docstring-7.0.0.jar:/Users/prathabanpalani/.m2/repository/io/cucumber/html-formatter/17.0.0/html-formatter-17.0.0.jar:/Users/prathabanpalani/.m2/repository/io/cucumber/create-meta/6.0.1/create-meta-6.0.1.jar:/Users/prathabanpalani/.m2/repository/org/apiguardian/apiguardian-api/1.1.2/apiguardian-api-1.1.2.jar:/Users/prathabanpalani/.m2/repository/io/cucumber/cucumber-junit-platform-engine/7.0.0/cucumber-junit-platform-engine-7.0.0.jar:/Users/prathabanpalani/.m2/repository/org/junit/platform/junit-platform-engine/1.8.1/junit-platform-engine-1.8.1.jar:/Users/prathabanpalani/.m2/repository/org/opentest4j/opentest4j/1.2.0/opentest4j-1.2.0.jar:/Users/prathabanpalani/.m2/repository/org/junit/platform/junit-platform-commons/1.8.1/junit-platform-commons-1.8.1.jar:/Users/prathabanpalani/.m2/repository/org/junit/platform/junit-platform-suite/1.8.1/junit-platform-suite-1.8.1.jar:/Users/prathabanpalani/.m2/repository/org/junit/platform/junit-platform-suite-api/1.8.1/junit-platform-suite-api-1.8.1.jar:/Users/prathabanpalani/.m2/repository/org/junit/platform/junit-platform-suite-engine/1.8.1/junit-platform-suite-engine-1.8.1.jar:/Users/prathabanpalani/.m2/repository/org/junit/platform/junit-platform-suite-commons/1.8.1/junit-platform-suite-commons-1.8.1.jar:/Users/prathabanpalani/.m2/repository/org/junit/platform/junit-platform-launcher/1.8.1/junit-platform-launcher-1.8.1.jar:/Users/prathabanpalani/.m2/repository/org/junit/jupiter/junit-jupiter/5.8.1/junit-jupiter-5.8.1.jar:/Users/prathabanpalani/.m2/repository/org/junit/jupiter/junit-jupiter-api/5.8.1/junit-jupiter-api-5.8.1.jar:/Users/prathabanpalani/.m2/repository/org/junit/jupiter/junit-jupiter-params/5.8.1/junit-jupiter-params-5.8.1.jar:/Users/prathabanpalani/.m2/repository/org/junit/jupiter/junit-jupiter-engine/5.8.1/junit-jupiter-engine-5.8.1.jar:/Users/prathabanpalani/.m2/repository/org/seleniumhq/selenium/selenium-java/4.1.2/selenium-java-4.1.2.jar:/Users/prathabanpalani/.m2/repository/org/seleniumhq/selenium/selenium-api/4.1.2/selenium-api-4.1.2.jar:/Users/prathabanpalani/.m2/repository/org/seleniumhq/selenium/selenium-chrome-driver/4.1.2/selenium-chrome-driver-4.1.2.jar:/Users/prathabanpalani/.m2/repository/org/seleniumhq/selenium/selenium-chromium-driver/4.1.2/selenium-chromium-driver-4.1.2.jar:/Users/prathabanpalani/.m2/repository/org/seleniumhq/selenium/selenium-devtools-v85/4.1.2/selenium-devtools-v85-4.1.2.jar:/Users/prathabanpalani/.m2/repository/org/seleniumhq/selenium/selenium-devtools-v95/4.1.2/selenium-devtools-v95-4.1.2.jar:/Users/prathabanpalani/.m2/repository/org/seleniumhq/selenium/selenium-devtools-v96/4.1.2/selenium-devtools-v96-4.1.2.jar:/Users/prathabanpalani/.m2/repository/org/seleniumhq/selenium/selenium-devtools-v97/4.1.2/selenium-devtools-v97-4.1.2.jar:/Users/prathabanpalani/.m2/repository/org/seleniumhq/selenium/selenium-edge-driver/4.1.2/selenium-edge-driver-4.1.2.jar:/Users/prathabanpalani/.m2/repository/org/seleniumhq/selenium/selenium-firefox-driver/4.1.2/selenium-firefox-driver-4.1.2.jar:/Users/prathabanpalani/.m2/repository/org/seleniumhq/selenium/selenium-firefox-xpi-driver/4.1.2/selenium-firefox-xpi-driver-4.1.2.jar:/Users/prathabanpalani/.m2/repository/org/seleniumhq/selenium/selenium-ie-driver/4.1.2/selenium-ie-driver-4.1.2.jar:/Users/prathabanpalani/.m2/repository/org/seleniumhq/selenium/selenium-opera-driver/4.1.2/selenium-opera-driver-4.1.2.jar:/Users/prathabanpalani/.m2/repository/org/seleniumhq/selenium/selenium-remote-driver/4.1.2/selenium-remote-driver-4.1.2.jar:/Users/prathabanpalani/.m2/repository/io/netty/netty-buffer/4.1.73.Final/netty-buffer-4.1.73.Final.jar:/Users/prathabanpalani/.m2/repository/io/netty/netty-codec-http/4.1.73.Final/netty-codec-http-4.1.73.Final.jar:/Users/prathabanpalani/.m2/repository/io/netty/netty-codec/4.1.73.Final/netty-codec-4.1.73.Final.jar:/Users/prathabanpalani/.m2/repository/io/netty/netty-handler/4.1.73.Final/netty-handler-4.1.73.Final.jar:/Users/prathabanpalani/.m2/repository/io/netty/netty-tcnative-classes/2.0.46.Final/netty-tcnative-classes-2.0.46.Final.jar:/Users/prathabanpalani/.m2/repository/io/netty/netty-common/4.1.73.Final/netty-common-4.1.73.Final.jar:/Users/prathabanpalani/.m2/repository/io/netty/netty-transport-classes-epoll/4.1.73.Final/netty-transport-classes-epoll-4.1.73.Final.jar:/Users/prathabanpalani/.m2/repository/io/netty/netty-transport-classes-kqueue/4.1.73.Final/netty-transport-classes-kqueue-4.1.73.Final.jar:/Users/prathabanpalani/.m2/repository/io/netty/netty-transport-native-epoll/4.1.73.Final/netty-transport-native-epoll-4.1.73.Final.jar:/Users/prathabanpalani/.m2/repository/io/netty/netty-transport-native-kqueue/4.1.73.Final/netty-transport-native-kqueue-4.1.73.Final.jar:/Users/prathabanpalani/.m2/repository/io/netty/netty-transport-native-unix-common/4.1.73.Final/netty-transport-native-unix-common-4.1.73.Final.jar:/Users/prathabanpalani/.m2/repository/io/netty/netty-transport/4.1.73.Final/netty-transport-4.1.73.Final.jar:/Users/prathabanpalani/.m2/repository/io/netty/netty-resolver/4.1.73.Final/netty-resolver-4.1.73.Final.jar:/Users/prathabanpalani/.m2/repository/io/opentelemetry/opentelemetry-api/1.10.1/opentelemetry-api-1.10.1.jar:/Users/prathabanpalani/.m2/repository/io/opentelemetry/opentelemetry-context/1.10.1/opentelemetry-context-1.10.1.jar:/Users/prathabanpalani/.m2/repository/io/opentelemetry/opentelemetry-exporter-logging/1.10.1/opentelemetry-exporter-logging-1.10.1.jar:/Users/prathabanpalani/.m2/repository/io/opentelemetry/opentelemetry-sdk-metrics/1.10.1-alpha/opentelemetry-sdk-metrics-1.10.1-alpha.jar:/Users/prathabanpalani/.m2/repository/io/opentelemetry/opentelemetry-sdk-logs/1.10.1-alpha/opentelemetry-sdk-logs-1.10.1-alpha.jar:/Users/prathabanpalani/.m2/repository/io/opentelemetry/opentelemetry-sdk-common/1.10.1/opentelemetry-sdk-common-1.10.1.jar:/Users/prathabanpalani/.m2/repository/io/opentelemetry/opentelemetry-sdk-extension-autoconfigure-spi/1.10.1/opentelemetry-sdk-extension-autoconfigure-spi-1.10.1.jar:/Users/prathabanpalani/.m2/repository/io/opentelemetry/opentelemetry-sdk-extension-autoconfigure/1.10.1-alpha/opentelemetry-sdk-extension-autoconfigure-1.10.1-alpha.jar:/Users/prathabanpalani/.m2/repository/io/opentelemetry/opentelemetry-sdk-trace/1.10.1/opentelemetry-sdk-trace-1.10.1.jar:/Users/prathabanpalani/.m2/repository/io/opentelemetry/opentelemetry-sdk/1.10.1/opentelemetry-sdk-1.10.1.jar:/Users/prathabanpalani/.m2/repository/io/opentelemetry/opentelemetry-semconv/1.10.1-alpha/opentelemetry-semconv-1.10.1-alpha.jar:/Users/prathabanpalani/.m2/repository/io/ous/jtoml/2.0.0/jtoml-2.0.0.jar:/Users/prathabanpalani/.m2/repository/org/asynchttpclient/async-http-client/2.12.3/async-http-client-2.12.3.jar:/Users/prathabanpalani/.m2/repository/org/asynchttpclient/async-http-client-netty-utils/2.12.3/async-http-client-netty-utils-2.12.3.jar:/Users/prathabanpalani/.m2/repository/io/netty/netty-codec-socks/4.1.60.Final/netty-codec-socks-4.1.60.Final.jar:/Users/prathabanpalani/.m2/repository/io/netty/netty-handler-proxy/4.1.60.Final/netty-handler-proxy-4.1.60.Final.jar:/Users/prathabanpalani/.m2/repository/io/netty/netty-transport-native-epoll/4.1.60.Final/netty-transport-native-epoll-4.1.60.Final-linux-x86_64.jar:/Users/prathabanpalani/.m2/repository/io/netty/netty-transport-native-kqueue/4.1.60.Final/netty-transport-native-kqueue-4.1.60.Final-osx-x86_64.jar:/Users/prathabanpalani/.m2/repository/org/reactivestreams/reactive-streams/1.0.3/reactive-streams-1.0.3.jar:/Users/prathabanpalani/.m2/repository/com/typesafe/netty/netty-reactive-streams/2.0.4/netty-reactive-streams-2.0.4.jar:/Users/prathabanpalani/.m2/repository/com/sun/activation/jakarta.activation/1.2.2/jakarta.activation-1.2.2.jar:/Users/prathabanpalani/.m2/repository/org/seleniumhq/selenium/selenium-http/4.1.2/selenium-http-4.1.2.jar:/Users/prathabanpalani/.m2/repository/net/jodah/failsafe/2.4.4/failsafe-2.4.4.jar:/Users/prathabanpalani/.m2/repository/org/seleniumhq/selenium/selenium-safari-driver/4.1.2/selenium-safari-driver-4.1.2.jar:/Users/prathabanpalani/.m2/repository/io/github/bonigarcia/webdrivermanager/5.1.0/webdrivermanager-5.1.0.jar:/Users/prathabanpalani/.m2/repository/org/slf4j/slf4j-api/1.7.36/slf4j-api-1.7.36.jar:/Users/prathabanpalani/.m2/repository/com/google/code/gson/gson/2.9.0/gson-2.9.0.jar:/Users/prathabanpalani/.m2/repository/com/github/docker-java/docker-java/3.2.13/docker-java-3.2.13.jar:/Users/prathabanpalani/.m2/repository/com/github/docker-java/docker-java-core/3.2.13/docker-java-core-3.2.13.jar:/Users/prathabanpalani/.m2/repository/com/github/docker-java/docker-java-api/3.2.13/docker-java-api-3.2.13.jar:/Users/prathabanpalani/.m2/repository/commons-io/commons-io/2.6/commons-io-2.6.jar:/Users/prathabanpalani/.m2/repository/org/apache/commons/commons-compress/1.21/commons-compress-1.21.jar:/Users/prathabanpalani/.m2/repository/org/bouncycastle/bcpkix-jdk15on/1.64/bcpkix-jdk15on-1.64.jar:/Users/prathabanpalani/.m2/repository/org/bouncycastle/bcprov-jdk15on/1.64/bcprov-jdk15on-1.64.jar:/Users/prathabanpalani/.m2/repository/org/slf4j/jcl-over-slf4j/1.7.30/jcl-over-slf4j-1.7.30.jar:/Users/prathabanpalani/.m2/repository/com/github/docker-java/docker-java-transport-httpclient5/3.2.13/docker-java-transport-httpclient5-3.2.13.jar:/Users/prathabanpalani/.m2/repository/com/github/docker-java/docker-java-transport/3.2.13/docker-java-transport-3.2.13.jar:/Users/prathabanpalani/.m2/repository/org/apache/httpcomponents/client5/httpclient5/5.0.3/httpclient5-5.0.3.jar:/Users/prathabanpalani/.m2/repository/org/apache/httpcomponents/core5/httpcore5/5.0.2/httpcore5-5.0.2.jar:/Users/prathabanpalani/.m2/repository/commons-codec/commons-codec/1.13/commons-codec-1.13.jar:/Users/prathabanpalani/.m2/repository/net/java/dev/jna/jna/5.8.0/jna-5.8.0.jar:/Users/prathabanpalani/.m2/repository/org/brotli/dec/0.1.2/dec-0.1.2.jar:/Users/prathabanpalani/.m2/repository/org/apache/commons/commons-lang3/3.12.0/commons-lang3-3.12.0.jar:/Users/prathabanpalani/.m2/repository/io/qameta/allure/allure-java-commons/2.13.5/allure-java-commons-2.13.5.jar:/Users/prathabanpalani/.m2/repository/io/qameta/allure/allure-model/2.13.5/allure-model-2.13.5.jar:/Users/prathabanpalani/.m2/repository/com/fasterxml/jackson/core/jackson-databind/2.9.8/jackson-databind-2.9.8.jar:/Users/prathabanpalani/.m2/repository/com/fasterxml/jackson/core/jackson-annotations/2.9.0/jackson-annotations-2.9.0.jar:/Users/prathabanpalani/.m2/repository/com/fasterxml/jackson/core/jackson-core/2.9.8/jackson-core-2.9.8.jar:/Users/prathabanpalani/.m2/repository/org/apache/tika/tika-core/1.20/tika-core-1.20.jar:/Users/prathabanpalani/.m2/repository/org/jooq/joor-java-8/0.9.10/joor-java-8-0.9.10.jar:/Users/prathabanpalani/.m2/repository/org/testng/testng/7.1.0/testng-7.1.0.jar:/Users/prathabanpalani/.m2/repository/com/beust/jcommander/1.72/jcommander-1.72.jar:/Users/prathabanpalani/.m2/repository/com/google/inject/guice/4.1.0/guice-4.1.0-no_aop.jar:/Users/prathabanpalani/.m2/repository/javax/inject/javax.inject/1/javax.inject-1.jar:/Users/prathabanpalani/.m2/repository/aopalliance/aopalliance/1.0/aopalliance-1.0.jar:/Users/prathabanpalani/.m2/repository/org/yaml/snakeyaml/1.21/snakeyaml-1.21.jar:/Users/prathabanpalani/.m2/repository/io/cucumber/cucumber-junit/5.6.0/cucumber-junit-5.6.0.jar:/Users/prathabanpalani/.m2/repository/junit/junit/4.13/junit-4.13.jar:/Users/prathabanpalani/.m2/repository/org/hamcrest/hamcrest-core/1.3/hamcrest-core-1.3.jar:/Users/prathabanpalani/.m2/repository/org/seleniumhq/selenium/selenium-support/4.1.2/selenium-support-4.1.2.jar:/Users/prathabanpalani/.m2/repository/com/google/auto/service/auto-service-annotations/1.0.1/auto-service-annotations-1.0.1.jar:/Users/prathabanpalani/.m2/repository/com/google/auto/service/auto-service/1.0.1/auto-service-1.0.1.jar:/Users/prathabanpalani/.m2/repository/com/google/auto/auto-common/1.2/auto-common-1.2.jar:/Users/prathabanpalani/.m2/repository/com/google/guava/guava/31.0.1-jre/guava-31.0.1-jre.jar:/Users/prathabanpalani/.m2/repository/com/google/guava/failureaccess/1.0.1/failureaccess-1.0.1.jar:/Users/prathabanpalani/.m2/repository/com/google/guava/listenablefuture/9999.0-empty-to-avoid-conflict-with-guava/listenablefuture-9999.0-empty-to-avoid-conflict-with-guava.jar:/Users/prathabanpalani/.m2/repository/com/google/code/findbugs/jsr305/3.0.2/jsr305-3.0.2.jar:/Users/prathabanpalani/.m2/repository/org/checkerframework/checker-qual/3.12.0/checker-qual-3.12.0.jar:/Users/prathabanpalani/.m2/repository/com/google/errorprone/error_prone_annotations/2.7.1/error_prone_annotations-2.7.1.jar:/Users/prathabanpalani/.m2/repository/com/google/j2objc/j2objc-annotations/1.3/j2objc-annotations-1.3.jar:/Users/prathabanpalani/.m2/repository/net/bytebuddy/byte-buddy/1.12.7/byte-buddy-1.12.7.jar:/Users/prathabanpalani/.m2/repository/org/seleniumhq/selenium/selenium-json/4.1.2/selenium-json-4.1.2.jar:/Users/prathabanpalani/.m2/repository/org/seleniumhq/selenium/selenium-server/3.141.59/selenium-server-3.141.59.jar:/Users/prathabanpalani/.m2/repository/org/apache/commons/commons-exec/1.3/commons-exec-1.3.jar:/Users/prathabanpalani/.m2/repository/net/jcip/jcip-annotations/1.0/jcip-annotations-1.0.jar:/Users/prathabanpalani/.m2/repository/org/seleniumhq/selenium/jetty-repacked/9.4.12.v20180830/jetty-repacked-9.4.12.v20180830.jar:/Users/prathabanpalani/.m2/repository/com/squareup/okhttp3/okhttp/3.11.0/okhttp-3.11.0.jar:/Users/prathabanpalani/.m2/repository/com/squareup/okio/okio/1.14.0/okio-1.14.0.jar:/Users/prathabanpalani/.m2/repository/javax/servlet/javax.servlet-api/3.1.0/javax.servlet-api-3.1.0.jar:"/>
    <property name="java.vm.vendor" value="AdoptOpenJDK"/>
    <property name="sun.arch.data.model" value="64"/>
    <property name="java.vendor.url" value="https://adoptopenjdk.net/"/>
    <property name="user.timezone" value="Europe/London"/>
    <property name="os.name" value="Mac OS X"/>
    <property name="java.vm.specification.version" value="16"/>
    <property name="sun.java.launcher" value="SUN_STANDARD"/>
    <property name="user.country" value="GB"/>
    <property name="sun.boot.library.path" value="/Library/Java/JavaVirtualMachines/adoptopenjdk-16.jdk/Contents/Home/lib"/>
    <property name="sun.java.command" value="/Users/prathabanpalani/Documents/GlobalTechChallenge/globalTechChall/target/surefire/surefirebooter14522977586165300487.jar /Users/prathabanpalani/Documents/GlobalTechChallenge/globalTechChall/target/surefire 2022-04-03T22-24-45_850-jvmRun1 surefire10370983325896414888tmp surefire_012846967566861031166tmp"/>
    <property name="http.nonProxyHosts" value="local|*.local|169.254/16|*.169.254/16"/>
    <property name="jdk.debug" value="release"/>
    <property name="surefire.test.class.path" value="/Users/prathabanpalani/Documents/GlobalTechChallenge/globalTechChall/target/test-classes:/Users/prathabanpalani/Documents/GlobalTechChallenge/globalTechChall/target/classes:/Users/prathabanpalani/.m2/repository/io/cucumber/cucumber-java/7.0.0/cucumber-java-7.0.0.jar:/Users/prathabanpalani/.m2/repository/io/cucumber/cucumber-core/7.0.0/cucumber-core-7.0.0.jar:/Users/prathabanpalani/.m2/repository/io/cucumber/cucumber-gherkin/7.0.0/cucumber-gherkin-7.0.0.jar:/Users/prathabanpalani/.m2/repository/io/cucumber/cucumber-gherkin-messages/7.0.0/cucumber-gherkin-messages-7.0.0.jar:/Users/prathabanpalani/.m2/repository/io/cucumber/messages/17.1.1/messages-17.1.1.jar:/Users/prathabanpalani/.m2/repository/io/cucumber/tag-expressions/4.0.2/tag-expressions-4.0.2.jar:/Users/prathabanpalani/.m2/repository/io/cucumber/cucumber-expressions/13.0.1/cucumber-expressions-13.0.1.jar:/Users/prathabanpalani/.m2/repository/io/cucumber/datatable/7.0.0/datatable-7.0.0.jar:/Users/prathabanpalani/.m2/repository/io/cucumber/cucumber-plugin/7.0.0/cucumber-plugin-7.0.0.jar:/Users/prathabanpalani/.m2/repository/io/cucumber/docstring/7.0.0/docstring-7.0.0.jar:/Users/prathabanpalani/.m2/repository/io/cucumber/html-formatter/17.0.0/html-formatter-17.0.0.jar:/Users/prathabanpalani/.m2/repository/io/cucumber/create-meta/6.0.1/create-meta-6.0.1.jar:/Users/prathabanpalani/.m2/repository/org/apiguardian/apiguardian-api/1.1.2/apiguardian-api-1.1.2.jar:/Users/prathabanpalani/.m2/repository/io/cucumber/cucumber-junit-platform-engine/7.0.0/cucumber-junit-platform-engine-7.0.0.jar:/Users/prathabanpalani/.m2/repository/org/junit/platform/junit-platform-engine/1.8.1/junit-platform-engine-1.8.1.jar:/Users/prathabanpalani/.m2/repository/org/opentest4j/opentest4j/1.2.0/opentest4j-1.2.0.jar:/Users/prathabanpalani/.m2/repository/org/junit/platform/junit-platform-commons/1.8.1/junit-platform-commons-1.8.1.jar:/Users/prathabanpalani/.m2/repository/org/junit/platform/junit-platform-suite/1.8.1/junit-platform-suite-1.8.1.jar:/Users/prathabanpalani/.m2/repository/org/junit/platform/junit-platform-suite-api/1.8.1/junit-platform-suite-api-1.8.1.jar:/Users/prathabanpalani/.m2/repository/org/junit/platform/junit-platform-suite-engine/1.8.1/junit-platform-suite-engine-1.8.1.jar:/Users/prathabanpalani/.m2/repository/org/junit/platform/junit-platform-suite-commons/1.8.1/junit-platform-suite-commons-1.8.1.jar:/Users/prathabanpalani/.m2/repository/org/junit/platform/junit-platform-launcher/1.8.1/junit-platform-launcher-1.8.1.jar:/Users/prathabanpalani/.m2/repository/org/junit/jupiter/junit-jupiter/5.8.1/junit-jupiter-5.8.1.jar:/Users/prathabanpalani/.m2/repository/org/junit/jupiter/junit-jupiter-api/5.8.1/junit-jupiter-api-5.8.1.jar:/Users/prathabanpalani/.m2/repository/org/junit/jupiter/junit-jupiter-params/5.8.1/junit-jupiter-params-5.8.1.jar:/Users/prathabanpalani/.m2/repository/org/junit/jupiter/junit-jupiter-engine/5.8.1/junit-jupiter-engine-5.8.1.jar:/Users/prathabanpalani/.m2/repository/org/seleniumhq/selenium/selenium-java/4.1.2/selenium-java-4.1.2.jar:/Users/prathabanpalani/.m2/repository/org/seleniumhq/selenium/selenium-api/4.1.2/selenium-api-4.1.2.jar:/Users/prathabanpalani/.m2/repository/org/seleniumhq/selenium/selenium-chrome-driver/4.1.2/selenium-chrome-driver-4.1.2.jar:/Users/prathabanpalani/.m2/repository/org/seleniumhq/selenium/selenium-chromium-driver/4.1.2/selenium-chromium-driver-4.1.2.jar:/Users/prathabanpalani/.m2/repository/org/seleniumhq/selenium/selenium-devtools-v85/4.1.2/selenium-devtools-v85-4.1.2.jar:/Users/prathabanpalani/.m2/repository/org/seleniumhq/selenium/selenium-devtools-v95/4.1.2/selenium-devtools-v95-4.1.2.jar:/Users/prathabanpalani/.m2/repository/org/seleniumhq/selenium/selenium-devtools-v96/4.1.2/selenium-devtools-v96-4.1.2.jar:/Users/prathabanpalani/.m2/repository/org/seleniumhq/selenium/selenium-devtools-v97/4.1.2/selenium-devtools-v97-4.1.2.jar:/Users/prathabanpalani/.m2/repository/org/seleniumhq/selenium/selenium-edge-driver/4.1.2/selenium-edge-driver-4.1.2.jar:/Users/prathabanpalani/.m2/repository/org/seleniumhq/selenium/selenium-firefox-driver/4.1.2/selenium-firefox-driver-4.1.2.jar:/Users/prathabanpalani/.m2/repository/org/seleniumhq/selenium/selenium-firefox-xpi-driver/4.1.2/selenium-firefox-xpi-driver-4.1.2.jar:/Users/prathabanpalani/.m2/repository/org/seleniumhq/selenium/selenium-ie-driver/4.1.2/selenium-ie-driver-4.1.2.jar:/Users/prathabanpalani/.m2/repository/org/seleniumhq/selenium/selenium-opera-driver/4.1.2/selenium-opera-driver-4.1.2.jar:/Users/prathabanpalani/.m2/repository/org/seleniumhq/selenium/selenium-remote-driver/4.1.2/selenium-remote-driver-4.1.2.jar:/Users/prathabanpalani/.m2/repository/io/netty/netty-buffer/4.1.73.Final/netty-buffer-4.1.73.Final.jar:/Users/prathabanpalani/.m2/repository/io/netty/netty-codec-http/4.1.73.Final/netty-codec-http-4.1.73.Final.jar:/Users/prathabanpalani/.m2/repository/io/netty/netty-codec/4.1.73.Final/netty-codec-4.1.73.Final.jar:/Users/prathabanpalani/.m2/repository/io/netty/netty-handler/4.1.73.Final/netty-handler-4.1.73.Final.jar:/Users/prathabanpalani/.m2/repository/io/netty/netty-tcnative-classes/2.0.46.Final/netty-tcnative-classes-2.0.46.Final.jar:/Users/prathabanpalani/.m2/repository/io/netty/netty-common/4.1.73.Final/netty-common-4.1.73.Final.jar:/Users/prathabanpalani/.m2/repository/io/netty/netty-transport-classes-epoll/4.1.73.Final/netty-transport-classes-epoll-4.1.73.Final.jar:/Users/prathabanpalani/.m2/repository/io/netty/netty-transport-classes-kqueue/4.1.73.Final/netty-transport-classes-kqueue-4.1.73.Final.jar:/Users/prathabanpalani/.m2/repository/io/netty/netty-transport-native-epoll/4.1.73.Final/netty-transport-native-epoll-4.1.73.Final.jar:/Users/prathabanpalani/.m2/repository/io/netty/netty-transport-native-kqueue/4.1.73.Final/netty-transport-native-kqueue-4.1.73.Final.jar:/Users/prathabanpalani/.m2/repository/io/netty/netty-transport-native-unix-common/4.1.73.Final/netty-transport-native-unix-common-4.1.73.Final.jar:/Users/prathabanpalani/.m2/repository/io/netty/netty-transport/4.1.73.Final/netty-transport-4.1.73.Final.jar:/Users/prathabanpalani/.m2/repository/io/netty/netty-resolver/4.1.73.Final/netty-resolver-4.1.73.Final.jar:/Users/prathabanpalani/.m2/repository/io/opentelemetry/opentelemetry-api/1.10.1/opentelemetry-api-1.10.1.jar:/Users/prathabanpalani/.m2/repository/io/opentelemetry/opentelemetry-context/1.10.1/opentelemetry-context-1.10.1.jar:/Users/prathabanpalani/.m2/repository/io/opentelemetry/opentelemetry-exporter-logging/1.10.1/opentelemetry-exporter-logging-1.10.1.jar:/Users/prathabanpalani/.m2/repository/io/opentelemetry/opentelemetry-sdk-metrics/1.10.1-alpha/opentelemetry-sdk-metrics-1.10.1-alpha.jar:/Users/prathabanpalani/.m2/repository/io/opentelemetry/opentelemetry-sdk-logs/1.10.1-alpha/opentelemetry-sdk-logs-1.10.1-alpha.jar:/Users/prathabanpalani/.m2/repository/io/opentelemetry/opentelemetry-sdk-common/1.10.1/opentelemetry-sdk-common-1.10.1.jar:/Users/prathabanpalani/.m2/repository/io/opentelemetry/opentelemetry-sdk-extension-autoconfigure-spi/1.10.1/opentelemetry-sdk-extension-autoconfigure-spi-1.10.1.jar:/Users/prathabanpalani/.m2/repository/io/opentelemetry/opentelemetry-sdk-extension-autoconfigure/1.10.1-alpha/opentelemetry-sdk-extension-autoconfigure-1.10.1-alpha.jar:/Users/prathabanpalani/.m2/repository/io/opentelemetry/opentelemetry-sdk-trace/1.10.1/opentelemetry-sdk-trace-1.10.1.jar:/Users/prathabanpalani/.m2/repository/io/opentelemetry/opentelemetry-sdk/1.10.1/opentelemetry-sdk-1.10.1.jar:/Users/prathabanpalani/.m2/repository/io/opentelemetry/opentelemetry-semconv/1.10.1-alpha/opentelemetry-semconv-1.10.1-alpha.jar:/Users/prathabanpalani/.m2/repository/io/ous/jtoml/2.0.0/jtoml-2.0.0.jar:/Users/prathabanpalani/.m2/repository/org/asynchttpclient/async-http-client/2.12.3/async-http-client-2.12.3.jar:/Users/prathabanpalani/.m2/repository/org/asynchttpclient/async-http-client-netty-utils/2.12.3/async-http-client-netty-utils-2.12.3.jar:/Users/prathabanpalani/.m2/repository/io/netty/netty-codec-socks/4.1.60.Final/netty-codec-socks-4.1.60.Final.jar:/Users/prathabanpalani/.m2/repository/io/netty/netty-handler-proxy/4.1.60.Final/netty-handler-proxy-4.1.60.Final.jar:/Users/prathabanpalani/.m2/repository/io/netty/netty-transport-native-epoll/4.1.60.Final/netty-transport-native-epoll-4.1.60.Final-linux-x86_64.jar:/Users/prathabanpalani/.m2/repository/io/netty/netty-transport-native-kqueue/4.1.60.Final/netty-transport-native-kqueue-4.1.60.Final-osx-x86_64.jar:/Users/prathabanpalani/.m2/repository/org/reactivestreams/reactive-streams/1.0.3/reactive-streams-1.0.3.jar:/Users/prathabanpalani/.m2/repository/com/typesafe/netty/netty-reactive-streams/2.0.4/netty-reactive-streams-2.0.4.jar:/Users/prathabanpalani/.m2/repository/com/sun/activation/jakarta.activation/1.2.2/jakarta.activation-1.2.2.jar:/Users/prathabanpalani/.m2/repository/org/seleniumhq/selenium/selenium-http/4.1.2/selenium-http-4.1.2.jar:/Users/prathabanpalani/.m2/repository/net/jodah/failsafe/2.4.4/failsafe-2.4.4.jar:/Users/prathabanpalani/.m2/repository/org/seleniumhq/selenium/selenium-safari-driver/4.1.2/selenium-safari-driver-4.1.2.jar:/Users/prathabanpalani/.m2/repository/io/github/bonigarcia/webdrivermanager/5.1.0/webdrivermanager-5.1.0.jar:/Users/prathabanpalani/.m2/repository/org/slf4j/slf4j-api/1.7.36/slf4j-api-1.7.36.jar:/Users/prathabanpalani/.m2/repository/com/google/code/gson/gson/2.9.0/gson-2.9.0.jar:/Users/prathabanpalani/.m2/repository/com/github/docker-java/docker-java/3.2.13/docker-java-3.2.13.jar:/Users/prathabanpalani/.m2/repository/com/github/docker-java/docker-java-core/3.2.13/docker-java-core-3.2.13.jar:/Users/prathabanpalani/.m2/repository/com/github/docker-java/docker-java-api/3.2.13/docker-java-api-3.2.13.jar:/Users/prathabanpalani/.m2/repository/commons-io/commons-io/2.6/commons-io-2.6.jar:/Users/prathabanpalani/.m2/repository/org/apache/commons/commons-compress/1.21/commons-compress-1.21.jar:/Users/prathabanpalani/.m2/repository/org/bouncycastle/bcpkix-jdk15on/1.64/bcpkix-jdk15on-1.64.jar:/Users/prathabanpalani/.m2/repository/org/bouncycastle/bcprov-jdk15on/1.64/bcprov-jdk15on-1.64.jar:/Users/prathabanpalani/.m2/repository/org/slf4j/jcl-over-slf4j/1.7.30/jcl-over-slf4j-1.7.30.jar:/Users/prathabanpalani/.m2/repository/com/github/docker-java/docker-java-transport-httpclient5/3.2.13/docker-java-transport-httpclient5-3.2.13.jar:/Users/prathabanpalani/.m2/repository/com/github/docker-java/docker-java-transport/3.2.13/docker-java-transport-3.2.13.jar:/Users/prathabanpalani/.m2/repository/org/apache/httpcomponents/client5/httpclient5/5.0.3/httpclient5-5.0.3.jar:/Users/prathabanpalani/.m2/repository/org/apache/httpcomponents/core5/httpcore5/5.0.2/httpcore5-5.0.2.jar:/Users/prathabanpalani/.m2/repository/commons-codec/commons-codec/1.13/commons-codec-1.13.jar:/Users/prathabanpalani/.m2/repository/net/java/dev/jna/jna/5.8.0/jna-5.8.0.jar:/Users/prathabanpalani/.m2/repository/org/brotli/dec/0.1.2/dec-0.1.2.jar:/Users/prathabanpalani/.m2/repository/org/apache/commons/commons-lang3/3.12.0/commons-lang3-3.12.0.jar:/Users/prathabanpalani/.m2/repository/io/qameta/allure/allure-java-commons/2.13.5/allure-java-commons-2.13.5.jar:/Users/prathabanpalani/.m2/repository/io/qameta/allure/allure-model/2.13.5/allure-model-2.13.5.jar:/Users/prathabanpalani/.m2/repository/com/fasterxml/jackson/core/jackson-databind/2.9.8/jackson-databind-2.9.8.jar:/Users/prathabanpalani/.m2/repository/com/fasterxml/jackson/core/jackson-annotations/2.9.0/jackson-annotations-2.9.0.jar:/Users/prathabanpalani/.m2/repository/com/fasterxml/jackson/core/jackson-core/2.9.8/jackson-core-2.9.8.jar:/Users/prathabanpalani/.m2/repository/org/apache/tika/tika-core/1.20/tika-core-1.20.jar:/Users/prathabanpalani/.m2/repository/org/jooq/joor-java-8/0.9.10/joor-java-8-0.9.10.jar:/Users/prathabanpalani/.m2/repository/org/testng/testng/7.1.0/testng-7.1.0.jar:/Users/prathabanpalani/.m2/repository/com/beust/jcommander/1.72/jcommander-1.72.jar:/Users/prathabanpalani/.m2/repository/com/google/inject/guice/4.1.0/guice-4.1.0-no_aop.jar:/Users/prathabanpalani/.m2/repository/javax/inject/javax.inject/1/javax.inject-1.jar:/Users/prathabanpalani/.m2/repository/aopalliance/aopalliance/1.0/aopalliance-1.0.jar:/Users/prathabanpalani/.m2/repository/org/yaml/snakeyaml/1.21/snakeyaml-1.21.jar:/Users/prathabanpalani/.m2/repository/io/cucumber/cucumber-junit/5.6.0/cucumber-junit-5.6.0.jar:/Users/prathabanpalani/.m2/repository/junit/junit/4.13/junit-4.13.jar:/Users/prathabanpalani/.m2/repository/org/hamcrest/hamcrest-core/1.3/hamcrest-core-1.3.jar:/Users/prathabanpalani/.m2/repository/org/seleniumhq/selenium/selenium-support/4.1.2/selenium-support-4.1.2.jar:/Users/prathabanpalani/.m2/repository/com/google/auto/service/auto-service-annotations/1.0.1/auto-service-annotations-1.0.1.jar:/Users/prathabanpalani/.m2/repository/com/google/auto/service/auto-service/1.0.1/auto-service-1.0.1.jar:/Users/prathabanpalani/.m2/repository/com/google/auto/auto-common/1.2/auto-common-1.2.jar:/Users/prathabanpalani/.m2/repository/com/google/guava/guava/31.0.1-jre/guava-31.0.1-jre.jar:/Users/prathabanpalani/.m2/repository/com/google/guava/failureaccess/1.0.1/failureaccess-1.0.1.jar:/Users/prathabanpalani/.m2/repository/com/google/guava/listenablefuture/9999.0-empty-to-avoid-conflict-with-guava/listenablefuture-9999.0-empty-to-avoid-conflict-with-guava.jar:/Users/prathabanpalani/.m2/repository/com/google/code/findbugs/jsr305/3.0.2/jsr305-3.0.2.jar:/Users/prathabanpalani/.m2/repository/org/checkerframework/checker-qual/3.12.0/checker-qual-3.12.0.jar:/Users/prathabanpalani/.m2/repository/com/google/errorprone/error_prone_annotations/2.7.1/error_prone_annotations-2.7.1.jar:/Users/prathabanpalani/.m2/repository/com/google/j2objc/j2objc-annotations/1.3/j2objc-annotations-1.3.jar:/Users/prathabanpalani/.m2/repository/net/bytebuddy/byte-buddy/1.12.7/byte-buddy-1.12.7.jar:/Users/prathabanpalani/.m2/repository/org/seleniumhq/selenium/selenium-json/4.1.2/selenium-json-4.1.2.jar:/Users/prathabanpalani/.m2/repository/org/seleniumhq/selenium/selenium-server/3.141.59/selenium-server-3.141.59.jar:/Users/prathabanpalani/.m2/repository/org/apache/commons/commons-exec/1.3/commons-exec-1.3.jar:/Users/prathabanpalani/.m2/repository/net/jcip/jcip-annotations/1.0/jcip-annotations-1.0.jar:/Users/prathabanpalani/.m2/repository/org/seleniumhq/selenium/jetty-repacked/9.4.12.v20180830/jetty-repacked-9.4.12.v20180830.jar:/Users/prathabanpalani/.m2/repository/com/squareup/okhttp3/okhttp/3.11.0/okhttp-3.11.0.jar:/Users/prathabanpalani/.m2/repository/com/squareup/okio/okio/1.14.0/okio-1.14.0.jar:/Users/prathabanpalani/.m2/repository/javax/servlet/javax.servlet-api/3.1.0/javax.servlet-api-3.1.0.jar:"/>
    <property name="sun.cpu.endian" value="little"/>
    <property name="user.home" value="/Users/prathabanpalani"/>
    <property name="user.language" value="en"/>
    <property name="java.specification.vendor" value="Oracle Corporation"/>
    <property name="java.version.date" value="2021-04-20"/>
    <property name="java.home" value="/Library/Java/JavaVirtualMachines/adoptopenjdk-16.jdk/Contents/Home"/>
    <property name="file.separator" value="/"/>
    <property name="basedir" value="/Users/prathabanpalani/Documents/GlobalTechChallenge/globalTechChall"/>
    <property name="java.vm.compressedOopsMode" value="Zero based"/>
    <property name="line.separator" value="&#10;"/>
    <property name="java.vm.specification.vendor" value="Oracle Corporation"/>
    <property name="java.specification.name" value="Java Platform API Specification"/>
    <property name="surefire.real.class.path" value="/Users/prathabanpalani/Documents/GlobalTechChallenge/globalTechChall/target/surefire/surefirebooter14522977586165300487.jar"/>
    <property name="sun.management.compiler" value="HotSpot 64-Bit Tiered Compilers"/>
    <property name="ftp.nonProxyHosts" value="local|*.local|169.254/16|*.169.254/16"/>
    <property name="java.runtime.version" value="16.0.1+9"/>
    <property name="user.name" value="prathabanpalani"/>
    <property name="path.separator" value=":"/>
    <property name="os.version" value="11.2"/>
    <property name="java.runtime.name" value="OpenJDK Runtime Environment"/>
    <property name="file.encoding" value="UTF-8"/>
    <property name="java.vm.name" value="OpenJDK 64-Bit Server VM"/>
    <property name="java.vendor.version" value="AdoptOpenJDK-16.0.1+9"/>
    <property name="localRepository" value="/Users/prathabanpalani/.m2/repository"/>
    <property name="java.vendor.url.bug" value="https://github.com/AdoptOpenJDK/openjdk-support/issues"/>
    <property name="java.io.tmpdir" value="/var/folders/gt/j7217cp53jl2r684r9q03g_m0000gn/T/"/>
    <property name="java.version" value="16.0.1"/>
    <property name="user.dir" value="/Users/prathabanpalani/Documents/GlobalTechChallenge/globalTechChall"/>
    <property name="os.arch" value="x86_64"/>
    <property name="webdriver.gecko.driver" value="/Users/prathabanpalani/.cache/selenium/geckodriver/mac64/0.30.0/geckodriver"/>
    <property name="java.vm.specification.name" value="Java Virtual Machine Specification"/>
    <property name="java.library.path" value="/Users/prathabanpalani/Library/Java/Extensions:/Library/Java/Extensions:/Network/Library/Java/Extensions:/System/Library/Java/Extensions:/usr/lib/java:."/>
    <property name="java.vm.info" value="mixed mode, sharing"/>
    <property name="java.vendor" value="AdoptOpenJDK"/>
    <property name="java.vm.version" value="16.0.1+9"/>
    <property name="sun.io.unicode.encoding" value="UnicodeBig"/>
    <property name="socksNonProxyHosts" value="local|*.local|169.254/16|*.169.254/16"/>
    <property name="java.class.version" value="60.0"/>
  </properties>
  <testcase name="end to end journey till product checkout page." classname="Find product checkout page and total cost of the product" time="89.937">
    <system-out><![CDATA[
@Regression @endtoend @AddAndRemoveProduct
Scenario: end to end journey till product checkout page.                         &amp#27;[90m# com/globalhome/web/GlobalTechChall.feature:7&amp#27;[0m
Landing to Web Page: http://automationpractice.com/index.php
wait until URL: http://automationpractice.com/index.php is visible
  &amp#27;[32mGiven &amp#27;[0m&amp#27;[32mUser is on my store product home page&amp#27;[0m                                    &amp#27;[90m# com.globalhome.web.StepDefinitions.user_Is_On_My_Store_Product_Home_Page()&amp#27;[0m

    Embedding end to end journey till product checkout page. [image/png 3264037 bytes]

wait until URL: index.php is visible
Page title is : My Store
CHECK_IFMy StoreCONTAINSMy Store
  &amp#27;[32mWhen &amp#27;[0m&amp#27;[32muser verify the page title &amp#27;[0m&amp#27;[32m&amp#27;[1m"My Store"&amp#27;[0m                                     &amp#27;[90m# com.globalhome.web.StepDefinitions.userVerifyThePageTitle(java.lang.String)&amp#27;[0m

    Embedding end to end journey till product checkout page. [image/png 3264037 bytes]

wait until [[FirefoxDriver: firefox on MAC (4ea32a42-d76c-4289-8e74-507f2d716e76)] -> xpath: //a[text()='Women']] is clickable
Text is expected: WOMEN
User clicks On Element: [[FirefoxDriver: firefox on MAC (4ea32a42-d76c-4289-8e74-507f2d716e76)] -> xpath: //a[text()='Women']]
wait until [[FirefoxDriver: firefox on MAC (4ea32a42-d76c-4289-8e74-507f2d716e76)] -> xpath: //p[@class='subcategory-heading']] is visible
TOPS vs TOPS
(673, 885)Found
wait until [[FirefoxDriver: firefox on MAC (4ea32a42-d76c-4289-8e74-507f2d716e76)] -> xpath: //a[@class='subcategory-name']] is clickable
User clicks On Element: [[FirefoxDriver: firefox on MAC (4ea32a42-d76c-4289-8e74-507f2d716e76)] -> xpath: //a[@class='subcategory-name']]
wait until [[FirefoxDriver: firefox on MAC (4ea32a42-d76c-4289-8e74-507f2d716e76)] -> xpath: //a[@class='subcategory-name' and text()='T-shirts']] is clickable
User clicks On Element: [[FirefoxDriver: firefox on MAC (4ea32a42-d76c-4289-8e74-507f2d716e76)] -> xpath: //a[@class='subcategory-name' and text()='T-shirts']]
wait until URL: category is visible
wait until [[FirefoxDriver: firefox on MAC (4ea32a42-d76c-4289-8e74-507f2d716e76)] -> xpath: //a[text()='M']] is clickable
User clicks On Element: [[FirefoxDriver: firefox on MAC (4ea32a42-d76c-4289-8e74-507f2d716e76)] -> xpath: //a[text()='M']]
wait until URL: size-m is visible
wait until [[FirefoxDriver: firefox on MAC (4ea32a42-d76c-4289-8e74-507f2d716e76)] -> xpath: //a[text()='Blue']] is clickable
User clicks On Element: [[FirefoxDriver: firefox on MAC (4ea32a42-d76c-4289-8e74-507f2d716e76)] -> xpath: //a[text()='Blue']]
wait until URL: color-blue is visible
Text is actual: Faded Short Sleeve T-shirts\nText is expected: Faded Short Sleeve T-shirts
User clicks On Element: [[FirefoxDriver: firefox on MAC (4ea32a42-d76c-4289-8e74-507f2d716e76)] -> xpath: //a[@title='Faded Short Sleeve T-shirts' and @class='product-name']]
Text is expected: Faded Short Sleeve T-shirts
INPUT_TEXT_FIELD[[FirefoxDriver: firefox on MAC (4ea32a42-d76c-4289-8e74-507f2d716e76)] -> id: quantity_wanted]AND_VALUE1
User clicks On Element: [[FirefoxDriver: firefox on MAC (4ea32a42-d76c-4289-8e74-507f2d716e76)] -> xpath: //ul[@id='color_to_pick_list']//li/a[@title='Blue']]
User clicks On Element: [[FirefoxDriver: firefox on MAC (4ea32a42-d76c-4289-8e74-507f2d716e76)] -> name: Submit]
wait until URL: color-blue is visible
wait until URL: size-m is visible
wait until [[FirefoxDriver: firefox on MAC (4ea32a42-d76c-4289-8e74-507f2d716e76)] -> xpath: //i[@class='icon-ok']//..] is visible
Text is actual: Product successfully added to your shopping cart\nText is expected: Product successfully added to your shopping cart
wait until [[FirefoxDriver: firefox on MAC (4ea32a42-d76c-4289-8e74-507f2d716e76)] -> css selector: span[title='Continue shopping']] is clickable
User clicks On Element: [[FirefoxDriver: firefox on MAC (4ea32a42-d76c-4289-8e74-507f2d716e76)] -> css selector: span[title='Continue shopping']]
wait until [[FirefoxDriver: firefox on MAC (4ea32a42-d76c-4289-8e74-507f2d716e76)] -> xpath: //a[text()='Women']] is clickable
Text is expected: WOMEN
User clicks On Element: [[FirefoxDriver: firefox on MAC (4ea32a42-d76c-4289-8e74-507f2d716e76)] -> xpath: //a[text()='Women']]
wait until [[FirefoxDriver: firefox on MAC (4ea32a42-d76c-4289-8e74-507f2d716e76)] -> xpath: //p[@class='subcategory-heading']] is visible
TOPS vs DRESSES
DRESSES vs DRESSES
(837, 885)Found
wait until [[FirefoxDriver: firefox on MAC (4ea32a42-d76c-4289-8e74-507f2d716e76)] -> xpath: //a[@class='subcategory-name']] is clickable
User clicks On Element: [[FirefoxDriver: firefox on MAC (4ea32a42-d76c-4289-8e74-507f2d716e76)] -> xpath: //a[@class='subcategory-name']]
wait until [[FirefoxDriver: firefox on MAC (4ea32a42-d76c-4289-8e74-507f2d716e76)] -> xpath: //a[@class='subcategory-name' and text()='Evening Dresses']] is clickable
User clicks On Element: [[FirefoxDriver: firefox on MAC (4ea32a42-d76c-4289-8e74-507f2d716e76)] -> xpath: //a[@class='subcategory-name' and text()='Evening Dresses']]
wait until URL: category is visible
wait until [[FirefoxDriver: firefox on MAC (4ea32a42-d76c-4289-8e74-507f2d716e76)] -> xpath: //a[text()='S']] is clickable
User clicks On Element: [[FirefoxDriver: firefox on MAC (4ea32a42-d76c-4289-8e74-507f2d716e76)] -> xpath: //a[text()='S']]
wait until URL: size-s is visible
wait until [[FirefoxDriver: firefox on MAC (4ea32a42-d76c-4289-8e74-507f2d716e76)] -> xpath: //a[text()='Beige']] is clickable
User clicks On Element: [[FirefoxDriver: firefox on MAC (4ea32a42-d76c-4289-8e74-507f2d716e76)] -> xpath: //a[text()='Beige']]
wait until URL: color-beige is visible
Text is actual: Printed Dress\nText is expected: Printed Dress
User clicks On Element: [[FirefoxDriver: firefox on MAC (4ea32a42-d76c-4289-8e74-507f2d716e76)] -> xpath: //a[@title='Printed Dress' and @class='product-name']]
Text is expected: Printed Dress
INPUT_TEXT_FIELD[[FirefoxDriver: firefox on MAC (4ea32a42-d76c-4289-8e74-507f2d716e76)] -> id: quantity_wanted]AND_VALUE1
User clicks On Element: [[FirefoxDriver: firefox on MAC (4ea32a42-d76c-4289-8e74-507f2d716e76)] -> xpath: //ul[@id='color_to_pick_list']//li/a[@title='Beige']]
User clicks On Element: [[FirefoxDriver: firefox on MAC (4ea32a42-d76c-4289-8e74-507f2d716e76)] -> name: Submit]
wait until URL: color-beige is visible
wait until URL: size-s is visible
wait until [[FirefoxDriver: firefox on MAC (4ea32a42-d76c-4289-8e74-507f2d716e76)] -> xpath: //i[@class='icon-ok']//..] is visible
Text is actual: Product successfully added to your shopping cart\nText is expected: Product successfully added to your shopping cart
wait until [[FirefoxDriver: firefox on MAC (4ea32a42-d76c-4289-8e74-507f2d716e76)] -> css selector: span[title='Continue shopping']] is clickable
User clicks On Element: [[FirefoxDriver: firefox on MAC (4ea32a42-d76c-4289-8e74-507f2d716e76)] -> css selector: span[title='Continue shopping']]
wait until [[FirefoxDriver: firefox on MAC (4ea32a42-d76c-4289-8e74-507f2d716e76)] -> xpath: //a[text()='Women']] is clickable
Text is expected: WOMEN
User clicks On Element: [[FirefoxDriver: firefox on MAC (4ea32a42-d76c-4289-8e74-507f2d716e76)] -> xpath: //a[text()='Women']]
wait until [[FirefoxDriver: firefox on MAC (4ea32a42-d76c-4289-8e74-507f2d716e76)] -> xpath: //p[@class='subcategory-heading']] is visible
TOPS vs DRESSES
DRESSES vs DRESSES
(837, 885)Found
wait until [[FirefoxDriver: firefox on MAC (4ea32a42-d76c-4289-8e74-507f2d716e76)] -> xpath: //a[@class='subcategory-name']] is clickable
User clicks On Element: [[FirefoxDriver: firefox on MAC (4ea32a42-d76c-4289-8e74-507f2d716e76)] -> xpath: //a[@class='subcategory-name']]
wait until [[FirefoxDriver: firefox on MAC (4ea32a42-d76c-4289-8e74-507f2d716e76)] -> xpath: //a[@class='subcategory-name' and text()='Summer Dresses']] is clickable
User clicks On Element: [[FirefoxDriver: firefox on MAC (4ea32a42-d76c-4289-8e74-507f2d716e76)] -> xpath: //a[@class='subcategory-name' and text()='Summer Dresses']]
wait until URL: category is visible
wait until [[FirefoxDriver: firefox on MAC (4ea32a42-d76c-4289-8e74-507f2d716e76)] -> xpath: //a[text()='M']] is clickable
User clicks On Element: [[FirefoxDriver: firefox on MAC (4ea32a42-d76c-4289-8e74-507f2d716e76)] -> xpath: //a[text()='M']]
wait until URL: size-m is visible
wait until [[FirefoxDriver: firefox on MAC (4ea32a42-d76c-4289-8e74-507f2d716e76)] -> xpath: //a[text()='Orange']] is clickable
User clicks On Element: [[FirefoxDriver: firefox on MAC (4ea32a42-d76c-4289-8e74-507f2d716e76)] -> xpath: //a[text()='Orange']]
wait until URL: color-orange is visible
Text is actual: Printed Summer Dress\nText is expected: Printed Summer Dress
User clicks On Element: [[FirefoxDriver: firefox on MAC (4ea32a42-d76c-4289-8e74-507f2d716e76)] -> xpath: //a[@title='Printed Summer Dress' and @class='product-name']]
Text is expected: Printed Summer Dress
INPUT_TEXT_FIELD[[FirefoxDriver: firefox on MAC (4ea32a42-d76c-4289-8e74-507f2d716e76)] -> id: quantity_wanted]AND_VALUE1
User clicks On Element: [[FirefoxDriver: firefox on MAC (4ea32a42-d76c-4289-8e74-507f2d716e76)] -> xpath: //ul[@id='color_to_pick_list']//li/a[@title='Orange']]
User clicks On Element: [[FirefoxDriver: firefox on MAC (4ea32a42-d76c-4289-8e74-507f2d716e76)] -> name: Submit]
wait until URL: color-orange is visible
wait until URL: size-m is visible
wait until [[FirefoxDriver: firefox on MAC (4ea32a42-d76c-4289-8e74-507f2d716e76)] -> xpath: //i[@class='icon-ok']//..] is visible
Text is actual: Product successfully added to your shopping cart\nText is expected: Product successfully added to your shopping cart
wait until [[FirefoxDriver: firefox on MAC (4ea32a42-d76c-4289-8e74-507f2d716e76)] -> css selector: span[title='Continue shopping']] is clickable
User clicks On Element: [[FirefoxDriver: firefox on MAC (4ea32a42-d76c-4289-8e74-507f2d716e76)] -> css selector: span[title='Continue shopping']]
  &amp#27;[32mAnd &amp#27;[0m&amp#27;[32mUser selects productBlock as &amp#27;[0m&amp#27;[32m&amp#27;[1m"WOMEN"&amp#27;[0m&amp#27;[32m and&amp#27;[0m                                   &amp#27;[90m# com.globalhome.web.StepDefinitions.user_selects_product_block_as_and(java.lang.String,io.cucumber.datatable.DataTable)&amp#27;[0m
    | subcategory | ProductCategory | Size | Colour | ProductName                 | quantity | actionNow   | actionNext        |
    | TOPS        | T-shirts        | M    | Blue   | Faded Short Sleeve T-shirts | 1        | Add to Cart | Continue Shopping |
    | DRESSES     | Evening Dresses | S    | Beige  | Printed Dress               | 1        | Add to Cart | Continue Shopping |
    | DRESSES     | Summer Dresses  | M    | Orange | Printed Summer Dress        | 1        | Add to Cart | Continue Shopping |

    Embedding end to end journey till product checkout page. [image/png 949103 bytes]

User clicks On Element: [[FirefoxDriver: firefox on MAC (4ea32a42-d76c-4289-8e74-507f2d716e76)] -> xpath: //a[@title='View my shopping cart']]
wait until URL: order is visible
  &amp#27;[32mAnd &amp#27;[0m&amp#27;[32muser clicks Link Title &amp#27;[0m&amp#27;[32m&amp#27;[1m"View my shopping cart"&amp#27;[0m                             &amp#27;[90m# com.globalhome.web.StepDefinitions.user_clicks_link_title(java.lang.String)&amp#27;[0m

    Embedding end to end journey till product checkout page. [image/png 655644 bytes]

wait until [[FirefoxDriver: firefox on MAC (4ea32a42-d76c-4289-8e74-507f2d716e76)] -> id: cart_title] is visible
Text is actual: SHOPPING-CART SUMMARY
Your shopping cart contains: 3 Products\nText is expected: SHOPPING-CART SUMMARY
  &amp#27;[32mThen &amp#27;[0m&amp#27;[32muser should be able to view the item in cart &amp#27;[0m&amp#27;[32m&amp#27;[1m"SHOPPING-CART SUMMARY"&amp#27;[0m&amp#27;[32m page&amp#27;[0m &amp#27;[90m# com.globalhome.web.StepDefinitions.user_should_be_able_to_view_the_item_in_cart_page(java.lang.String)&amp#27;[0m

    Embedding end to end journey till product checkout page. [image/png 655644 bytes]

wait until URL: order is visible
wait until all elements are visible
|--------------|productName|-------|quantity|--------|countTotal|-------|
|--------------|Faded Short Sleeve T-shirts|-------|1|--------|$16.51|-------|
{amount=$16.51, quantity=1, productname=Faded Short Sleeve T-shirts}
|--------------|productName|-------|quantity|--------|countTotal|-------|
|--------------|Printed Dress|-------|1|--------|$50.99|-------|
{amount=$50.99, quantity=1, productname=Printed Dress}
|--------------|productName|-------|quantity|--------|countTotal|-------|
|--------------|Printed Summer Dress|-------|1|--------|$28.98|-------|
{amount=$28.98, quantity=1, productname=Printed Summer Dress}
expectedProductlist [{productname=Printed Dress, amount=$50.99, quantity=1}, {productname=Faded Short Sleeve T-shirts, amount=$16.51, quantity=1}, {productname=Printed Summer Dress, amount=$28.98, quantity=1}]
actualProductList [{amount=$16.51, quantity=1, productname=Faded Short Sleeve T-shirts}, {amount=$50.99, quantity=1, productname=Printed Dress}, {amount=$28.98, quantity=1, productname=Printed Summer Dress}]
0
  &amp#27;[32mAnd &amp#27;[0m&amp#27;[32muser verify the products&amp#27;[0m                                                   &amp#27;[90m# com.globalhome.web.StepDefinitions.user_verify_the_products(io.cucumber.datatable.DataTable)&amp#27;[0m
    | productname                 | amount | quantity |
    | Printed Dress               | $50.99 | 1        |
    | Faded Short Sleeve T-shirts | $16.51 | 1        |
    | Printed Summer Dress        | $28.98 | 1        |

    Embedding end to end journey till product checkout page. [image/png 655644 bytes]

Text is expected: 3 Products
  &amp#27;[32mAnd &amp#27;[0m&amp#27;[32muser verify summary product is &amp#27;[0m&amp#27;[32m&amp#27;[1m"3 Products"&amp#27;[0m                                &amp#27;[90m# com.globalhome.web.StepDefinitions.user_verify_summary_product_is(java.lang.String)&amp#27;[0m

    Embedding end to end journey till product checkout page. [image/png 655644 bytes]

wait until [[FirefoxDriver: firefox on MAC (4ea32a42-d76c-4289-8e74-507f2d716e76)] -> id: total_price] is visible
Text is expected: $98.48
  &amp#27;[32mAnd &amp#27;[0m&amp#27;[32muser verify the total amount is &amp#27;[0m&amp#27;[32m&amp#27;[1m"$98.48"&amp#27;[0m                                   &amp#27;[90m# com.globalhome.web.StepDefinitions.user_verify_the_amount(java.lang.String)&amp#27;[0m

    Embedding end to end journey till product checkout page. [image/png 655644 bytes]

wait until [[FirefoxDriver: firefox on MAC (4ea32a42-d76c-4289-8e74-507f2d716e76)] -> xpath: //p[@class='product-name']//a[text()='Faded Short Sleeve T-shirts']//../..//..//a[@title='Add']//..//i[@class='icon-plus']] is clickable
User clicks On Element: [[FirefoxDriver: firefox on MAC (4ea32a42-d76c-4289-8e74-507f2d716e76)] -> xpath: //p[@class='product-name']//a[text()='Faded Short Sleeve T-shirts']//../..//..//a[@title='Add']//..//i[@class='icon-plus']]
wait until //*[@id='summary_products_quantity'] textValue 3 Products is visible
wait until URL: order is visible
  &amp#27;[32mAnd &amp#27;[0m&amp#27;[32muser &amp#27;[0m&amp#27;[32m&amp#27;[1m"Add"&amp#27;[0m&amp#27;[32m the &amp#27;[0m&amp#27;[32m&amp#27;[1m"Faded Short Sleeve T-shirts"&amp#27;[0m&amp#27;[32m in the cart&amp#27;[0m                   &amp#27;[90m# com.globalhome.web.StepDefinitions.user_action_item_in_the_cart(java.lang.String,java.lang.String)&amp#27;[0m

    Embedding end to end journey till product checkout page. [image/png 654882 bytes]

wait until URL: order is visible
wait until all elements are visible
|--------------|productName|-------|quantity|--------|countTotal|-------|
|--------------|Faded Short Sleeve T-shirts|-------|2|--------|$33.02|-------|
{amount=$33.02, quantity=2, productname=Faded Short Sleeve T-shirts}
|--------------|productName|-------|quantity|--------|countTotal|-------|
|--------------|Printed Dress|-------|1|--------|$50.99|-------|
{amount=$50.99, quantity=1, productname=Printed Dress}
|--------------|productName|-------|quantity|--------|countTotal|-------|
|--------------|Printed Summer Dress|-------|1|--------|$28.98|-------|
{amount=$28.98, quantity=1, productname=Printed Summer Dress}
expectedProductlist [{productname=Printed Dress, amount=$50.99, quantity=1}, {productname=Faded Short Sleeve T-shirts, amount=$33.02, quantity=2}, {productname=Printed Summer Dress, amount=$28.98, quantity=1}]
actualProductList [{amount=$33.02, quantity=2, productname=Faded Short Sleeve T-shirts}, {amount=$50.99, quantity=1, productname=Printed Dress}, {amount=$28.98, quantity=1, productname=Printed Summer Dress}]
0
  &amp#27;[32mAnd &amp#27;[0m&amp#27;[32muser verify the products&amp#27;[0m                                                   &amp#27;[90m# com.globalhome.web.StepDefinitions.user_verify_the_products(io.cucumber.datatable.DataTable)&amp#27;[0m
    | productname                 | amount | quantity |
    | Printed Dress               | $50.99 | 1        |
    | Faded Short Sleeve T-shirts | $33.02 | 2        |
    | Printed Summer Dress        | $28.98 | 1        |

    Embedding end to end journey till product checkout page. [image/png 654882 bytes]

Text is expected: 4 Products
  &amp#27;[32mAnd &amp#27;[0m&amp#27;[32muser verify summary product is &amp#27;[0m&amp#27;[32m&amp#27;[1m"4 Products"&amp#27;[0m                                &amp#27;[90m# com.globalhome.web.StepDefinitions.user_verify_summary_product_is(java.lang.String)&amp#27;[0m

    Embedding end to end journey till product checkout page. [image/png 654882 bytes]

wait until [[FirefoxDriver: firefox on MAC (4ea32a42-d76c-4289-8e74-507f2d716e76)] -> id: total_price] is visible
Text is expected: $114.99
  &amp#27;[32mAnd &amp#27;[0m&amp#27;[32muser verify the total amount is &amp#27;[0m&amp#27;[32m&amp#27;[1m"$114.99"&amp#27;[0m                                  &amp#27;[90m# com.globalhome.web.StepDefinitions.user_verify_the_amount(java.lang.String)&amp#27;[0m

    Embedding end to end journey till product checkout page. [image/png 654882 bytes]

wait until [[FirefoxDriver: firefox on MAC (4ea32a42-d76c-4289-8e74-507f2d716e76)] -> xpath: //p[@class='product-name']//a[text()='Printed Dress']//../..//..//a[@title='Delete']//..//i[@class='icon-trash']] is clickable
User clicks On Element: [[FirefoxDriver: firefox on MAC (4ea32a42-d76c-4289-8e74-507f2d716e76)] -> xpath: //p[@class='product-name']//a[text()='Printed Dress']//../..//..//a[@title='Delete']//..//i[@class='icon-trash']]
wait until //*[@id='summary_products_quantity'] textValue 4 Products is visible
wait until URL: order is visible
wait until //p[@class='product-name']//a[text()='Printed Dress']//../..//..//a[@title='Delete']//..//i[@class='icon-trash'] is invisible
  &amp#27;[32mAnd &amp#27;[0m&amp#27;[32muser &amp#27;[0m&amp#27;[32m&amp#27;[1m"Remove"&amp#27;[0m&amp#27;[32m the &amp#27;[0m&amp#27;[32m&amp#27;[1m"Printed Dress"&amp#27;[0m&amp#27;[32m in the cart&amp#27;[0m                              &amp#27;[90m# com.globalhome.web.StepDefinitions.user_action_item_in_the_cart(java.lang.String,java.lang.String)&amp#27;[0m

    Embedding end to end journey till product checkout page. [image/png 415580 bytes]

wait until URL: order is visible
wait until all elements are visible
|--------------|productName|-------|quantity|--------|countTotal|-------|
|--------------|Faded Short Sleeve T-shirts|-------|2|--------|$33.02|-------|
{amount=$33.02, quantity=2, productname=Faded Short Sleeve T-shirts}
|--------------|productName|-------|quantity|--------|countTotal|-------|
|--------------|Printed Summer Dress|-------|1|--------|$28.98|-------|
{amount=$28.98, quantity=1, productname=Printed Summer Dress}
expectedProductlist [{productname=Faded Short Sleeve T-shirts, amount=$33.02, quantity=2}, {productname=Printed Summer Dress, amount=$28.98, quantity=1}]
actualProductList [{amount=$33.02, quantity=2, productname=Faded Short Sleeve T-shirts}, {amount=$28.98, quantity=1, productname=Printed Summer Dress}]
0
  &amp#27;[32mAnd &amp#27;[0m&amp#27;[32muser verify the products&amp#27;[0m                                                   &amp#27;[90m# com.globalhome.web.StepDefinitions.user_verify_the_products(io.cucumber.datatable.DataTable)&amp#27;[0m
    | productname                 | amount | quantity |
    | Faded Short Sleeve T-shirts | $33.02 | 2        |
    | Printed Summer Dress        | $28.98 | 1        |

    Embedding end to end journey till product checkout page. [image/png 415580 bytes]

Text is expected: 3 Products
  &amp#27;[32mAnd &amp#27;[0m&amp#27;[32muser verify summary product is &amp#27;[0m&amp#27;[32m&amp#27;[1m"3 Products"&amp#27;[0m                                &amp#27;[90m# com.globalhome.web.StepDefinitions.user_verify_summary_product_is(java.lang.String)&amp#27;[0m

    Embedding end to end journey till product checkout page. [image/png 415580 bytes]

wait until [[FirefoxDriver: firefox on MAC (4ea32a42-d76c-4289-8e74-507f2d716e76)] -> id: total_price] is visible
Text is expected: $64.00
  &amp#27;[32mAnd &amp#27;[0m&amp#27;[32muser verify the total amount is &amp#27;[0m&amp#27;[32m&amp#27;[1m"$64.00"&amp#27;[0m                                   &amp#27;[90m# com.globalhome.web.StepDefinitions.user_verify_the_amount(java.lang.String)&amp#27;[0m

    Embedding end to end journey till product checkout page. [image/png 415580 bytes]

]]></system-out>
    <system-err><![CDATA[SLF4J: Failed to load class "org.slf4j.impl.StaticLoggerBinder".
SLF4J: Defaulting to no-operation (NOP) logger implementation
SLF4J: See http://www.slf4j.org/codes.html#StaticLoggerBinder for further details.
1649021087838	geckodriver	INFO	Listening on 127.0.0.1:59151
1649021088043	mozrunner::runner	INFO	Running command: "/Applications/Firefox.app/Contents/MacOS/firefox-bin" "--marionette" "--disable-blink-features=AutomationControlled" "--remote-debugging-port" "64122" "-foreground" "-no-remote" "-profile" "/var/folders/gt/j7217cp53jl2r684r9q03g_m0000gn/T/rust_mozprofilet6IEV8"
1649021088486	Marionette	INFO	Marionette enabled
2022-04-03 22:24:49.259 firefox-bin[93257:1311705] Warning: Expected min height of view: (<NSButton: 0x12d927400>) to be less than or equal to 30 but got a height of 32.000000. This error will be logged once per view in violation.
2022-04-03 22:24:49.260 firefox-bin[93257:1311705] Warning: Expected min height of view: (<NSButton: 0x12db6cc00>) to be less than or equal to 30 but got a height of 32.000000. This error will be logged once per view in violation.
2022-04-03 22:24:49.260 firefox-bin[93257:1311705] Warning: Expected min height of view: (<NSButton: 0x12db6b800>) to be less than or equal to 30 but got a height of 32.000000. This error will be logged once per view in violation.
2022-04-03 22:24:49.261 firefox-bin[93257:1311705] Warning: Expected min height of view: (<NSButton: 0x12db6a000>) to be less than or equal to 30 but got a height of 32.000000. This error will be logged once per view in violation.
2022-04-03 22:24:49.262 firefox-bin[93257:1311705] Warning: Expected min height of view: (<NSButton: 0x12db67800>) to be less than or equal to 30 but got a height of 32.000000. This error will be logged once per view in violation.
2022-04-03 22:24:49.262 firefox-bin[93257:1311705] Warning: Expected min height of view: (<NSPopoverTouchBarItemButton: 0x12db69800>) to be less than or equal to 30 but got a height of 32.000000. This error will be logged once per view in violation.
2022-04-03 22:24:49.263 firefox-bin[93257:1311705] Warning: Expected min height of view: (<NSPopoverTouchBarItemButton: 0x11d348000>) to be less than or equal to 30 but got a height of 32.000000. This error will be logged once per view in violation.
console.warn: SearchSettings: "get: No settings file exists, new profile?" (new NotFoundError("Could not open the file at /var/folders/gt/j7217cp53jl2r684r9q03g_m0000gn/T/rust_mozprofilet6IEV8/search.json.mozlz4", (void 0)))
console.error: BackgroundUpdate: 
  _reasonsToNotScheduleUpdates: Failed to check for Maintenance Service Registry Key: [Exception... "Component returned failure code: 0x80004001 (NS_ERROR_NOT_IMPLEMENTED) [nsIUpdateProcessor.getServiceRegKeyExists]"  nsresult: "0x80004001 (NS_ERROR_NOT_IMPLEMENTED)"  location: "JS frame :: resource://gre/modules/BackgroundUpdate.jsm :: _reasonsToNotScheduleUpdates :: line 241"  data: no]
DevTools listening on ws://localhost:64122/devtools/browser/5a11cdc3-6a63-448e-8478-3ba9733d672d
1649021090364	Marionette	INFO	Listening on port 58111
1649021090406	RemoteAgent	WARN	TLS certificate errors will be ignored for this session
Apr 03, 2022 10:24:50 PM org.openqa.selenium.remote.ProtocolHandshake createSession
INFO: Detected dialect: W3C
console.warn: LoginRecipes: "getRecipes: falling back to a synchronous message for:" "http://automationpractice.com"
1649021129395	Marionette	WARN	TimedPromise timed out after 500 ms: stacktrace:
TimedPromise/<@chrome://remote/content/marionette/sync.js:235:19
TimedPromise@chrome://remote/content/marionette/sync.js:220:10
interaction.flushEventLoop@chrome://remote/content/marionette/interaction.js:431:10
webdriverClickElement@chrome://remote/content/marionette/interaction.js:179:31
console.warn: LoginRecipes: "getRecipes: falling back to a synchronous message for:" "http://automationpractice.com"
1649021132494	Marionette	WARN	TimedPromise timed out after 500 ms: stacktrace:
TimedPromise/<@chrome://remote/content/marionette/sync.js:235:19
TimedPromise@chrome://remote/content/marionette/sync.js:220:10
interaction.flushEventLoop@chrome://remote/content/marionette/interaction.js:431:10
webdriverClickElement@chrome://remote/content/marionette/interaction.js:179:31
1649021132531	Marionette	WARN	TimedPromise timed out after 500 ms: stacktrace:
TimedPromise/<@chrome://remote/content/marionette/sync.js:235:19
TimedPromise@chrome://remote/content/marionette/sync.js:220:10
interaction.flushEventLoop@chrome://remote/content/marionette/interaction.js:431:10
webdriverClickElement@chrome://remote/content/marionette/interaction.js:179:31
1649021135657	Marionette	WARN	TimedPromise timed out after 500 ms: stacktrace:
TimedPromise/<@chrome://remote/content/marionette/sync.js:235:19
TimedPromise@chrome://remote/content/marionette/sync.js:220:10
interaction.flushEventLoop@chrome://remote/content/marionette/interaction.js:431:10
webdriverClickElement@chrome://remote/content/marionette/interaction.js:179:31
1649021138774	Marionette	WARN	TimedPromise timed out after 500 ms: stacktrace:
TimedPromise/<@chrome://remote/content/marionette/sync.js:235:19
TimedPromise@chrome://remote/content/marionette/sync.js:220:10
interaction.flushEventLoop@chrome://remote/content/marionette/interaction.js:431:10
webdriverClickElement@chrome://remote/content/marionette/interaction.js:179:31
1649021140389	Marionette	WARN	TimedPromise timed out after 500 ms: stacktrace:
TimedPromise/<@chrome://remote/content/marionette/sync.js:235:19
TimedPromise@chrome://remote/content/marionette/sync.js:220:10
interaction.flushEventLoop@chrome://remote/content/marionette/interaction.js:431:10
webdriverClickElement@chrome://remote/content/marionette/interaction.js:179:31
1649021145687	Marionette	WARN	TimedPromise timed out after 500 ms: stacktrace:
TimedPromise/<@chrome://remote/content/marionette/sync.js:235:19
TimedPromise@chrome://remote/content/marionette/sync.js:220:10
interaction.flushEventLoop@chrome://remote/content/marionette/interaction.js:431:10
webdriverClickElement@chrome://remote/content/marionette/interaction.js:179:31
console.warn: LoginRecipes: "getRecipes: falling back to a synchronous message for:" "http://automationpractice.com"
1649021176272	Marionette	INFO	Stopped listening on port 58111

###!!! [Parent][PImageBridgeParent] Error: RunMessage(msgname=PImageBridge::Msg_WillClose) Channel closing: too late to send/recv, messages will be lost

]]></system-err>
  </testcase>
</testsuite>